<?xml version="1.0" encoding="UTF-8"?>
<!-- Generated by org.testng.reporters.JUnitReportReporter -->
<testsuite hostname="DESKTOP-8U4S44M" failures="0" tests="1" name="test.Testclass" time="3.243" errors="0" timestamp="2023-11-09T18:03:06 IST" skipped="0">
  <testcase classname="test.Testclass" name="postR" time="3.243"/>
  <system-out/>
</testsuite> <!-- test.Testclass -->
