<?xml version="1.0" encoding="UTF-8"?>
<!-- Generated by org.testng.reporters.JUnitReportReporter -->
<testsuite hostname="DESKTOP-8U4S44M" failures="0" tests="2" name="apiTests.PetTest" time="7.213" errors="0" timestamp="2023-11-16T16:14:06 IST" skipped="0">
  <testcase classname="apiTests.PetTest" name="updatePet" time="5.100"/>
  <system-out/>
  <testcase classname="apiTests.PetTest" name="uplioadImg" time="2.113"/>
  <system-out/>
</testsuite> <!-- apiTests.PetTest -->
