<?xml version="1.0" encoding="UTF-8"?>
<!-- Generated by org.testng.reporters.JUnitReportReporter -->
<testsuite hostname="DESKTOP-8U4S44M" failures="0" tests="1" name="SeleniumScripts.Booking" time="0.013" errors="0" timestamp="2023-11-13T09:51:47 IST" skipped="0">
  <testcase classname="SeleniumScripts.Booking" name="Code" time="0.013"/>
  <system-out/>
</testsuite> <!-- SeleniumScripts.Booking -->
