<?xml version="1.0" encoding="UTF-8"?>
<!-- Generated by org.testng.reporters.JUnitReportReporter -->
<testsuite hostname="DESKTOP-8U4S44M" failures="0" tests="1" name="GenericPetStore.Mapper" time="0.352" errors="0" timestamp="2023-11-16T12:48:10 IST" skipped="0">
  <testcase classname="GenericPetStore.Mapper" name="mapperData" time="0.352"/>
  <system-out/>
</testsuite> <!-- GenericPetStore.Mapper -->
