<?xml version="1.0" encoding="UTF-8"?>
<!-- Generated by org.testng.reporters.JUnitReportReporter -->
<testsuite hostname="DESKTOP-8U4S44M" failures="0" tests="1" name="test.PetStore" time="4.737" errors="0" timestamp="2023-11-16T10:37:48 IST" skipped="0">
  <testcase classname="test.PetStore" name="create" time="4.737"/>
  <system-out/>
</testsuite> <!-- test.PetStore -->
