<?xml version="1.0" encoding="UTF-8"?>
<!-- Generated by org.testng.reporters.JUnitReportReporter -->
<testsuite hostname="DESKTOP-8U4S44M" failures="0" tests="6" name="test.PetTest" time="11.016" errors="0" timestamp="2023-11-16T12:18:47 IST" skipped="0">
  <testcase classname="test.PetTest" name="createPet" time="4.916"/>
  <system-out/>
  <testcase classname="test.PetTest" name="readPetDetails" time="1.241"/>
  <system-out/>
  <testcase classname="test.PetTest" name="updatePet" time="1.311"/>
  <system-out/>
  <testcase classname="test.PetTest" name="readingAfterUpdating" time="1.120"/>
  <system-out/>
  <testcase classname="test.PetTest" name="uplioadImg" time="1.302"/>
  <system-out/>
  <testcase classname="test.PetTest" name="deletePetDetails" time="1.126"/>
  <system-out/>
</testsuite> <!-- test.PetTest -->
